<?xml version="1.0" encoding="UTF-8"?>
<!-- Generated by org.testng.reporters.JUnitXMLReporter -->
<testsuite hostname="MCO-5097489-L1" ignored="0" name="Validating title in the page" tests="1" failures="1" timestamp="16 Jun 2019 04:49:38 GMT" time="32.494" errors="0">
  <testcase name="title_validate" time="29.334" classname="Academy.ValidateTitle">
    <failure type="java.lang.AssertionError" message="expected [FEATURED] but found [FEATURED COURSES]">
      <![CDATA[java.lang.AssertionError: expected [FEATURED] but found [FEATURED COURSES]at Academy.ValidateTitle.title_validate(ValidateTitle.java:47)... Removed 31 stack frames]]>
    </failure>
  </testcase> <!-- title_validate -->
</testsuite> <!-- Validating title in the page -->
