-------------------------------------------------------------------------------
Test set: TestSuite
-------------------------------------------------------------------------------
Tests run: 4, Failures: 1, Errors: 0, Skipped: 0, Time elapsed: 148.02 s <<< FAILURE! - in TestSuite
title_validate(Academy.ValidateTitle)  Time elapsed: 33.119 s  <<< FAILURE!
java.lang.AssertionError: expected [Featured courses] but found [FEATURED COURSES]
	at Academy.ValidateTitle.title_validate(ValidateTitle.java:45)

