<?xml version="1.0" encoding="UTF-8"?>
<testsuite xmlns:xsi="http://www.w3.org/2001/XMLSchema-instance" xsi:noNamespaceSchemaLocation="https://maven.apache.org/surefire/maven-surefire-plugin/xsd/surefire-test-report.xsd" name="TestSuite" time="148.02" tests="4" errors="0" skipped="0" failures="1">
  <properties>
[...]
</properties>
  <testcase name="basePageNavigation" classname="Academy.HomePageLogin" time="37.722"/>
  <testcase name="basePageNavigation" classname="Academy.HomePageLogin" time="40.278"/>
  <testcase name="title_validate" classname="Academy.ValidateTitle" time="33.119">
    <failure message="expected [Featured courses] but found [FEATURED COURSES]" type="java.lang.AssertionError">java.lang.AssertionError: expected [Featured courses] but found [FEATURED COURSES]
	at Academy.ValidateTitle.title_validate(ValidateTitle.java:45)
</failure>
    <system-err><![CDATA[Starting ChromeDriver 2.35.528161 (5b82f2d2aae0ca24b877009200ced9065a772e73) on port 7609
Only local connections are allowed.
Jun 15, 2019 8:10:33 PM org.openqa.selenium.remote.ProtocolHandshake createSession
INFO: Detected dialect: OSS
]]></system-err>
  </testcase>
  <testcase name="navbar_validate" classname="Academy.ValidateNavigationBar" time="32.284"/>
</testsuite>